<?xml version="1.0" encoding="UTF-8"?>
<!-- Generated by org.testng.reporters.JUnitReportReporter -->
<testsuite skipped="0" hostname="DESKTOP-2O7KULO" name="Example.Execution" tests="1" failures="0" timestamp="13 Feb 2018 05:58:05 GMT" time="0.015" errors="0">
  <testcase name="testB" time="0.015" classname="Example.Execution"/>
</testsuite> <!-- Example.Execution -->
